/*C102*/SET SCHEMA PUBLIC
DISCONNECT
/*C103*/SET SCHEMA PUBLIC
DISCONNECT
/*C104*/SET SCHEMA PUBLIC
INSERT INTO PRODUTO VALUES(19,'Mesa Azul','4 pernas')
COMMIT
/*C110*/SET SCHEMA PUBLIC
DISCONNECT
/*C112*/SET SCHEMA PUBLIC
DISCONNECT
/*C111*/SET SCHEMA PUBLIC
DISCONNECT
/*C113*/SET SCHEMA PUBLIC
DISCONNECT
/*C104*/SET SCHEMA PUBLIC
DISCONNECT
/*C105*/SET SCHEMA PUBLIC
DISCONNECT
/*C106*/SET SCHEMA PUBLIC
DISCONNECT
/*C107*/SET SCHEMA PUBLIC
DISCONNECT
/*C108*/SET SCHEMA PUBLIC
DISCONNECT
/*C109*/SET SCHEMA PUBLIC
DISCONNECT
/*C115*/SET SCHEMA PUBLIC
INSERT INTO PRODUTO VALUES(20,'Mesa Vermelha','4 pernas')
COMMIT
SET SCHEMA PUBLIC
DISCONNECT
/*C116*/SET SCHEMA PUBLIC
DISCONNECT
/*C117*/SET SCHEMA PUBLIC
INSERT INTO PRODUTO VALUES(21,'Mesa Amarela','4 pernas')
COMMIT
/*C118*/SET SCHEMA PUBLIC
DISCONNECT
/*C117*/SET SCHEMA PUBLIC
DISCONNECT
/*C119*/SET SCHEMA PUBLIC
DISCONNECT
/*C114*/SET SCHEMA PUBLIC
create table Categoria (id integer generated by default as identity primary key, nome varchar(255))
INSERT INTO CATEGORIA VALUES(0,'Eletrodom\u00e9stico')
COMMIT
INSERT INTO CATEGORIA VALUES(1,'Eletr\u00f4nico')
COMMIT
INSERT INTO CATEGORIA VALUES(2,'M\u00f3vel')
COMMIT
alter table Produto add column categoria_id integer
DELETE FROM PRODUTO WHERE ID=1
DELETE FROM PRODUTO WHERE ID=2
INSERT INTO PRODUTO VALUES(1,'Geladeira','Geladeira duas portas',0)
INSERT INTO PRODUTO VALUES(2,'Ferro de passar','Ferro de passar roupa com vaporizador',0)
COMMIT
DELETE FROM PRODUTO WHERE ID=3
INSERT INTO PRODUTO VALUES(3,'Notebook','Notebook i5',1)
COMMIT
DELETE FROM PRODUTO WHERE ID=16
DELETE FROM PRODUTO WHERE ID=17
DELETE FROM PRODUTO WHERE ID=19
DELETE FROM PRODUTO WHERE ID=20
DELETE FROM PRODUTO WHERE ID=21
INSERT INTO PRODUTO VALUES(16,'TV LED','23 polegadas',2)
INSERT INTO PRODUTO VALUES(17,'BlueRay','Full HD',2)
INSERT INTO PRODUTO VALUES(19,'Mesa Azul','4 pernas',2)
INSERT INTO PRODUTO VALUES(20,'Mesa Vermelha','4 pernas',2)
INSERT INTO PRODUTO VALUES(21,'Mesa Amarela','4 pernas',2)
COMMIT
/*C120*/SET SCHEMA PUBLIC
DISCONNECT
/*C121*/SET SCHEMA PUBLIC
DISCONNECT
/*C122*/SET SCHEMA PUBLIC
DISCONNECT
/*C123*/SET SCHEMA PUBLIC
DISCONNECT
/*C124*/SET SCHEMA PUBLIC
DISCONNECT
/*C126*/SET SCHEMA PUBLIC
DISCONNECT
/*C125*/SET SCHEMA PUBLIC
DISCONNECT
/*C127*/SET SCHEMA PUBLIC
DISCONNECT
/*C128*/SET SCHEMA PUBLIC
DISCONNECT
/*C129*/SET SCHEMA PUBLIC
DISCONNECT
/*C130*/SET SCHEMA PUBLIC
DISCONNECT
/*C131*/SET SCHEMA PUBLIC
DISCONNECT
/*C132*/SET SCHEMA PUBLIC
DISCONNECT
/*C133*/SET SCHEMA PUBLIC
DISCONNECT
/*C134*/SET SCHEMA PUBLIC
DISCONNECT
/*C114*/DISCONNECT
